<?xml version="1.0" encoding="UTF-8"?>
<!-- Generated by org.testng.reporters.JUnitReportReporter -->
<testsuite hostname="ARUNs-MacBook-Air.local" failures="0" tests="1" name="mavenpkg.Fblogintest" time="0.304" errors="0" timestamp="2023-11-02T17:06:40 IST" skipped="0">
  <testcase classname="mavenpkg.Fblogintest" name="test" time="0.304"/>
  <system-out/>
</testsuite> <!-- mavenpkg.Fblogintest -->
